make: Entering directory '/home/ecegridfs/a/socet39/socet/vortex-f24/tests/regression/demo'
g++ -std=c++11 -Wall -Wextra -pedantic -Wfatal-errors -I/home/ecegridfs/a/socet39/socet/vortex-f24/runtime/include -I/home/ecegridfs/a/socet39/socet/vortex-f24/hw -g -O0 -MM /home/ecegridfs/a/socet39/socet/vortex-f24/tests/regression/demo/main.cpp > .depend;
g++ -std=c++11 -Wall -Wextra -pedantic -Wfatal-errors -I/home/ecegridfs/a/socet39/socet/vortex-f24/runtime/include -I/home/ecegridfs/a/socet39/socet/vortex-f24/hw -g -O0 /home/ecegridfs/a/socet39/socet/vortex-f24/tests/regression/demo/main.cpp -L/home/ecegridfs/a/socet39/socet/vortex-f24/runtime -lvortex -o demo
/home/ecegridfs/a/socet39/socet/vortex-f24/tools/llvm-vortex/bin/clang++ --sysroot=/home/ecegridfs/a/socet39/socet/vortex-f24/tools/riscv-gnu-toolchain/riscv32-unknown-elf --gcc-toolchain=/home/ecegridfs/a/socet39/socet/vortex-f24/tools/riscv-gnu-toolchain -Xclang -target-feature -Xclang +vortex -Xclang -target-feature -Xclang +zicond -mllvm -disable-loop-idiom-all  -march=rv32imaf -mabi=ilp32f -O3 -mcmodel=medany -fno-rtti -fno-exceptions -nostartfiles -nostdlib -fdata-sections -ffunction-sections -I/home/ecegridfs/a/socet39/socet/vortex-f24/kernel/include -I/home/ecegridfs/a/socet39/socet/vortex-f24/hw -DXLEN_32 -DNDEBUG /home/ecegridfs/a/socet39/socet/vortex-f24/tests/regression/demo/kernel.cpp -Wl,-Bstatic,--gc-sections,-T,/home/ecegridfs/a/socet39/socet/vortex-f24/kernel/scripts/link32.ld,--defsym=STARTUP_ADDR=0x80000000 /home/ecegridfs/a/socet39/socet/vortex-f24/kernel/libvortex.a -L/home/ecegridfs/a/socet39/socet/vortex-f24/tools/libc32/lib -lm -lc /home/ecegridfs/a/socet39/socet/vortex-f24/tools/libcrt32/lib/baremetal/libclang_rt.builtins-riscv32.a -o kernel.elf
OBJCOPY=/home/ecegridfs/a/socet39/socet/vortex-f24/tools/llvm-vortex/bin/llvm-objcopy /home/ecegridfs/a/socet39/socet/vortex-f24/kernel/scripts/vxbin.py kernel.elf kernel.vxbin
LD_LIBRARY_PATH=/home/ecegridfs/a/socet39/socet/vortex-f24/runtime:/usr/local/lib64:/usr/local/lib: VORTEX_DRIVER=simx ./demo -n64
open device connection
CONFIGS: num_threads=4, num_warps=4, num_cores=2, num_clusters=1, socket_size=2, local_mem_base=0xffff0000, num_barriers=2
[VXDRV] DEV_OPEN: hdevice=0x562a06db8ab0
[VXDRV] DCR_WRITE: hdevice=0x562a06db8ab0, addr=0x1, value=0x80000000
[VXDRV] DCR_WRITE: hdevice=0x562a06db8ab0, addr=0x2, value=0x0
[VXDRV] DCR_WRITE: hdevice=0x562a06db8ab0, addr=0x3, value=0x0
[VXDRV] DCR_WRITE: hdevice=0x562a06db8ab0, addr=0x4, value=0x0
[VXDRV] DCR_WRITE: hdevice=0x562a06db8ab0, addr=0x5, value=0x0
[VXDRV] DEV_CAPS: hdevice=0x562a06db8ab0, caps_id=3, value=2
[VXDRV] DEV_CAPS: hdevice=0x562a06db8ab0, caps_id=2, value=4
[VXDRV] DEV_CAPS: hdevice=0x562a06db8ab0, caps_id=1, value=4
data type: float
number of points: 2048
buffer size: 8192 bytes
allocate device memory
[VXDRV] [RT:mem_alloc] size: 0x2000, asize, 0x2000,flag : 0x1
[VXDRV] MEM_ALLOC: hdevice=0x562a06db8ab0, size=8192, flags=0x1, hbuffer=0x562a07213490
[VXDRV] MEM_ADDRESS: hbuffer=0x562a07213490, address=0x10000
[VXDRV] [RT:mem_alloc] size: 0x2000, asize, 0x2000,flag : 0x1
[VXDRV] MEM_ALLOC: hdevice=0x562a06db8ab0, size=8192, flags=0x1, hbuffer=0x562a072134b0
[VXDRV] MEM_ADDRESS: hbuffer=0x562a072134b0, address=0x12000
[VXDRV] [RT:mem_alloc] size: 0x2000, asize, 0x2000,flag : 0x2
[VXDRV] MEM_ALLOC: hdevice=0x562a06db8ab0, size=8192, flags=0x2, hbuffer=0x562a072134d0
[VXDRV] MEM_ADDRESS: hbuffer=0x562a072134d0, address=0x14000
dev_src0=0x10000
dev_src1=0x12000
dev_dst=0x14000
allocate host buffers
upload source buffer0
[VXDRV] COPY_TO_DEV: hbuffer=0x562a07213490, host_addr=0x562a0714a8a0, dst_offset=0, size=8192
upload source buffer1
[VXDRV] COPY_TO_DEV: hbuffer=0x562a072134b0, host_addr=0x562a0714c8b0, dst_offset=0, size=8192
upload program
[VXDRV] [RT:mem_reserve] addr: 0x80000000, asize:0x8000, size: 0x724c
[VXDRV] MEM_RESERVE: hdevice=0x562a06db8ab0, address=0x80000000, size=29260, flags=0x0, hbuffer=0x562a0715de50
[VXDRV] MEM_ACCESS: hbuffer=0x562a0715de50, offset=0, size=29232, flags=1
[VXDRV] MEM_ACCESS: hbuffer=0x562a0715de50, offset=29232, size=28, flags=3
[VXDRV] COPY_TO_DEV: hbuffer=0x562a0715de50, host_addr=0x562a07156b80, dst_offset=0, size=29232
upload kernel argument
[VXDRV] [RT:mem_alloc] size: 0x20, asize, 0x1000,flag : 0x1
[VXDRV] MEM_ALLOC: hdevice=0x562a06db8ab0, size=32, flags=0x1, hbuffer=0x562a07154c30
[VXDRV] COPY_TO_DEV: hbuffer=0x562a07154c30, host_addr=0x562a060901e0, dst_offset=0, size=32
start device
[VXDRV] DCR_WRITE: hdevice=0x562a06db8ab0, addr=0x5, value=0x1
[VXDRV] START: hdevice=0x562a06db8ab0, hkernel=0x562a0715de50, harguments=0x562a07154c30
wait for completion
[VXDRV] READY_WAIT: hdevice=0x562a06db8ab0, timeout=86400000
DEBUG Fetch: cid=0, wid=0, tmask=1000, PC=0x80000000 (#0)
DEBUG Instr 0xfc1022f3: CSRRS x5, x0, 0xfc1
DEBUG Src0 Reg: x0={0x0, -, -, -}
DEBUG Dest Reg: x5={0x4, -, -, -}
TRACE          0: pipeline-schedule: cid=0, wid=0, tmask=1000, PC=0x80000000, wb=1, rd=x5, rs0=x0, ex=SFU (#0)
DEBUG Fetch: cid=1, wid=0, tmask=1000, PC=0x80000000 (#17179869184)
DEBUG Instr 0xfc1022f3: CSRRS x5, x0, 0xfc1
DEBUG Src0 Reg: x0={0x0, -, -, -}
DEBUG Dest Reg: x5={0x4, -, -, -}
TRACE          0: pipeline-schedule: cid=1, wid=0, tmask=1000, PC=0x80000000, wb=1, rd=x5, rs0=x0, ex=SFU (#17179869184)
TRACE          1: icache-req: addr=0x80000000, tag=0x0, cid=0, wid=0, tmask=1000, PC=0x80000000, wb=1, rd=x5, rs0=x0, ex=SFU (#0)
TRACE          1: icache-req: addr=0x80000000, tag=0x0, cid=1, wid=0, tmask=1000, PC=0x80000000, wb=1, rd=x5, rs0=x0, ex=SFU (#17179869184)
TRACE        128: socket0-icaches-cache0-bank0 fill: rw=0, addr=0x80000000, type=Global, tag=0x0, cid=0 (#0)
TRACE        132: dram mem-req: rw=0, addr=0x80000000, type=Global, tag=0x0, cid=0 (#0) bank: 0
TRACE        151: dram mem-rsp: tag=0x0, cid=0 (#0) bank: 0
TRACE        155: socket0-icaches-cache0-bank0 fill-rsp: tag=0x0, cid=0 (#0)
TRACE        156: socket0-icaches-cache0-bank0 replay: tag=0x0, cid=0 (#0)
TRACE        157: socket0-icaches-cache0-bank0 replay: tag=0x1, cid=1 (#17179869184)
TRACE        159: icache-rsp: addr=0x80000000, tag=0x0, cid=0, wid=0, tmask=1000, PC=0x80000000, wb=1, rd=x5, rs0=x0, ex=SFU (#0)
TRACE        160: pipeline-decode: cid=0, wid=0, tmask=1000, PC=0x80000000, wb=1, rd=x5, rs0=x0, ex=SFU (#0)
DEBUG Fetch: cid=0, wid=0, tmask=1000, PC=0x80000004 (#1)
DEBUG Instr 0x317: AUIPC x6, 0x0
DEBUG Dest Reg: x6={0x80000004, -, -, -}
TRACE        160: pipeline-schedule: cid=0, wid=0, tmask=1000, PC=0x80000004, wb=1, rd=x6, ex=ALU (#1)
TRACE        160: icache-rsp: addr=0x80000000, tag=0x0, cid=1, wid=0, tmask=1000, PC=0x80000000, wb=1, rd=x5, rs0=x0, ex=SFU (#17179869184)
TRACE        161: pipeline-scoreboard: cid=0, wid=0, tmask=1000, PC=0x80000000, wb=1, rd=x5, rs0=x0, ex=SFU (#0)
TRACE        161: icache-req: addr=0x80000004, tag=0x0, cid=0, wid=0, tmask=1000, PC=0x80000004, wb=1, rd=x6, ex=ALU (#1)
TRACE        161: pipeline-decode: cid=1, wid=0, tmask=1000, PC=0x80000000, wb=1, rd=x5, rs0=x0, ex=SFU (#17179869184)
DEBUG Fetch: cid=1, wid=0, tmask=1000, PC=0x80000004 (#17179869185)
DEBUG Instr 0x317: AUIPC x6, 0x0
DEBUG Dest Reg: x6={0x80000004, -, -, -}
TRACE        161: pipeline-schedule: cid=1, wid=0, tmask=1000, PC=0x80000004, wb=1, rd=x6, ex=ALU (#17179869185)
TRACE        162: pipeline-scoreboard: cid=1, wid=0, tmask=1000, PC=0x80000000, wb=1, rd=x5, rs0=x0, ex=SFU (#17179869184)
TRACE        162: icache-req: addr=0x80000004, tag=0x0, cid=1, wid=0, tmask=1000, PC=0x80000004, wb=1, rd=x6, ex=ALU (#17179869185)
TRACE        163: pipeline-operands: cid=0, wid=0, tmask=1000, PC=0x80000000, wb=1, rd=x5, rs0=x0, ex=SFU (#0)
TRACE        164: socket0-icaches-cache0-bank0 core-rsp: tag=0x0, cid=0 (#1)
TRACE        164: pipeline-operands: cid=1, wid=0, tmask=1000, PC=0x80000000, wb=1, rd=x5, rs0=x0, ex=SFU (#17179869184)
TRACE        165: socket0-icaches-cache0-bank0 core-rsp: tag=0x1, cid=1 (#17179869185)
TRACE        167: pipeline-dispatch: cid=0, wid=0, tmask=1000, PC=0x80000000, wb=1, rd=x5, rs0=x0, ex=SFU, pid=0, sop=1, eop=1 (#0)
TRACE        167: icache-rsp: addr=0x80000004, tag=0x0, cid=0, wid=0, tmask=1000, PC=0x80000004, wb=1, rd=x6, ex=ALU (#1)
TRACE        168: pipeline-decode: cid=0, wid=0, tmask=1000, PC=0x80000004, wb=1, rd=x6, ex=ALU (#1)
DEBUG Fetch: cid=0, wid=0, tmask=1000, PC=0x80000008 (#2)
DEBUG Instr 0x15c30313: ADDI x6, x6, 0x15c
DEBUG Src0 Reg: x6={0x80000004, -, -, -}
DEBUG Dest Reg: x6={0x80000160, -, -, -}
TRACE        168: pipeline-schedule: cid=0, wid=0, tmask=1000, PC=0x80000008, wb=1, rd=x6, rs0=x6, ex=ALU (#2)
TRACE        168: pipeline-dispatch: cid=1, wid=0, tmask=1000, PC=0x80000000, wb=1, rd=x5, rs0=x0, ex=SFU, pid=0, sop=1, eop=1 (#17179869184)
TRACE        168: icache-rsp: addr=0x80000004, tag=0x0, cid=1, wid=0, tmask=1000, PC=0x80000004, wb=1, rd=x6, ex=ALU (#17179869185)
TRACE        169: pipeline-scoreboard: cid=0, wid=0, tmask=1000, PC=0x80000004, wb=1, rd=x6, ex=ALU (#1)
TRACE        169: icache-req: addr=0x80000008, tag=0x0, cid=0, wid=0, tmask=1000, PC=0x80000008, wb=1, rd=x6, rs0=x6, ex=ALU (#2)
TRACE        169: pipeline-decode: cid=1, wid=0, tmask=1000, PC=0x80000004, wb=1, rd=x6, ex=ALU (#17179869185)
DEBUG Fetch: cid=1, wid=0, tmask=1000, PC=0x80000008 (#17179869186)
DEBUG Instr 0x15c30313: ADDI x6, x6, 0x15c
DEBUG Src0 Reg: x6={0x80000004, -, -, -}
DEBUG Dest Reg: x6={0x80000160, -, -, -}
TRACE        169: pipeline-schedule: cid=1, wid=0, tmask=1000, PC=0x80000008, wb=1, rd=x6, rs0=x6, ex=ALU (#17179869186)
TRACE        170: sfu-unit: op=CSRRS, cid=0, wid=0, tmask=1000, PC=0x80000000, wb=1, rd=x5, rs0=x0, ex=SFU, pid=0, sop=1, eop=1 (#0)
TRACE        170: pipeline-scoreboard: cid=1, wid=0, tmask=1000, PC=0x80000004, wb=1, rd=x6, ex=ALU (#17179869185)
TRACE        170: icache-req: addr=0x80000008, tag=0x0, cid=1, wid=0, tmask=1000, PC=0x80000008, wb=1, rd=x6, rs0=x6, ex=ALU (#17179869186)
TRACE        171: pipeline-operands: cid=0, wid=0, tmask=1000, PC=0x80000004, wb=1, rd=x6, ex=ALU (#1)
TRACE        171: sfu-unit: op=CSRRS, cid=1, wid=0, tmask=1000, PC=0x80000000, wb=1, rd=x5, rs0=x0, ex=SFU, pid=0, sop=1, eop=1 (#17179869184)
TRACE        172: socket0-icaches-cache0-bank0 core-rsp: tag=0x0, cid=0 (#2)
TRACE        172: pipeline-operands: cid=1, wid=0, tmask=1000, PC=0x80000004, wb=1, rd=x6, ex=ALU (#17179869185)
TRACE        173: socket0-icaches-cache0-bank0 core-rsp: tag=0x1, cid=1 (#17179869186)
TRACE        175: pipeline-dispatch: cid=0, wid=0, tmask=1000, PC=0x80000004, wb=1, rd=x6, ex=ALU, pid=0, sop=1, eop=1 (#1)
TRACE        175: pipeline-commit: cid=0, wid=0, tmask=1000, PC=0x80000000, wb=1, rd=x5, rs0=x0, ex=SFU, pid=0, sop=1, eop=1 (#0)
TRACE        175: icache-rsp: addr=0x80000008, tag=0x0, cid=0, wid=0, tmask=1000, PC=0x80000008, wb=1, rd=x6, rs0=x6, ex=ALU (#2)
TRACE        176: pipeline-decode: cid=0, wid=0, tmask=1000, PC=0x80000008, wb=1, rd=x6, rs0=x6, ex=ALU (#2)
DEBUG Fetch: cid=0, wid=0, tmask=1000, PC=0x8000000c (#3)
DEBUG Instr 0x62900b: WSPAWN x5, x6
DEBUG Src0 Reg: x5={0x4, -, -, -}
DEBUG Src1 Reg: x6={0x80000160, -, -, -}
TRACE        176: pipeline-schedule: cid=0, wid=0, tmask=1000, PC=0x8000000c, wb=0, rs0=x5, rs1=x6, ex=SFU (#3)
TRACE        176: pipeline-dispatch: cid=1, wid=0, tmask=1000, PC=0x80000004, wb=1, rd=x6, ex=ALU, pid=0, sop=1, eop=1 (#17179869185)
TRACE        176: pipeline-commit: cid=1, wid=0, tmask=1000, PC=0x80000000, wb=1, rd=x5, rs0=x0, ex=SFU, pid=0, sop=1, eop=1 (#17179869184)
TRACE        176: icache-rsp: addr=0x80000008, tag=0x0, cid=1, wid=0, tmask=1000, PC=0x80000008, wb=1, rd=x6, rs0=x6, ex=ALU (#17179869186)
TRACE        177: icache-req: addr=0x8000000c, tag=0x0, cid=0, wid=0, tmask=1000, PC=0x8000000c, wb=0, rs0=x5, rs1=x6, ex=SFU (#3)
TRACE        177: pipeline-decode: cid=1, wid=0, tmask=1000, PC=0x80000008, wb=1, rd=x6, rs0=x6, ex=ALU (#17179869186)
DEBUG Fetch: cid=1, wid=0, tmask=1000, PC=0x8000000c (#17179869187)
DEBUG Instr 0x62900b: WSPAWN x5, x6
DEBUG Src0 Reg: x5={0x4, -, -, -}
DEBUG Src1 Reg: x6={0x80000160, -, -, -}
TRACE        177: pipeline-schedule: cid=1, wid=0, tmask=1000, PC=0x8000000c, wb=0, rs0=x5, rs1=x6, ex=SFU (#17179869187)
TRACE        178: alu-unit: op=ARITH, cid=0, wid=0, tmask=1000, PC=0x80000004, wb=1, rd=x6, ex=ALU, pid=0, sop=1, eop=1 (#1)
TRACE        178: icache-req: addr=0x8000000c, tag=0x0, cid=1, wid=0, tmask=1000, PC=0x8000000c, wb=0, rs0=x5, rs1=x6, ex=SFU (#17179869187)
TRACE        179: alu-unit: op=ARITH, cid=1, wid=0, tmask=1000, PC=0x80000004, wb=1, rd=x6, ex=ALU, pid=0, sop=1, eop=1 (#17179869185)
TRACE        180: socket0-icaches-cache0-bank0 core-rsp: tag=0x0, cid=0 (#3)
TRACE        181: socket0-icaches-cache0-bank0 core-rsp: tag=0x1, cid=1 (#17179869187)
TRACE        183: pipeline-commit: cid=0, wid=0, tmask=1000, PC=0x80000004, wb=1, rd=x6, ex=ALU, pid=0, sop=1, eop=1 (#1)
TRACE        183: pipeline-scoreboard: cid=0, wid=0, tmask=1000, PC=0x80000008, wb=1, rd=x6, rs0=x6, ex=ALU (#2)
TRACE        183: icache-rsp: addr=0x8000000c, tag=0x0, cid=0, wid=0, tmask=1000, PC=0x8000000c, wb=0, rs0=x5, rs1=x6, ex=SFU (#3)
TRACE        184: pipeline-decode: cid=0, wid=0, tmask=1000, PC=0x8000000c, wb=0, rs0=x5, rs1=x6, ex=SFU (#3)
TRACE        184: pipeline-commit: cid=1, wid=0, tmask=1000, PC=0x80000004, wb=1, rd=x6, ex=ALU, pid=0, sop=1, eop=1 (#17179869185)
TRACE        184: pipeline-scoreboard: cid=1, wid=0, tmask=1000, PC=0x80000008, wb=1, rd=x6, rs0=x6, ex=ALU (#17179869186)
TRACE        184: icache-rsp: addr=0x8000000c, tag=0x0, cid=1, wid=0, tmask=1000, PC=0x8000000c, wb=0, rs0=x5, rs1=x6, ex=SFU (#17179869187)
TRACE        185: pipeline-operands: cid=0, wid=0, tmask=1000, PC=0x80000008, wb=1, rd=x6, rs0=x6, ex=ALU (#2)
TRACE        185: pipeline-decode: cid=1, wid=0, tmask=1000, PC=0x8000000c, wb=0, rs0=x5, rs1=x6, ex=SFU (#17179869187)
TRACE        186: pipeline-operands: cid=1, wid=0, tmask=1000, PC=0x80000008, wb=1, rd=x6, rs0=x6, ex=ALU (#17179869186)
TRACE        189: pipeline-dispatch: cid=0, wid=0, tmask=1000, PC=0x80000008, wb=1, rd=x6, rs0=x6, ex=ALU, pid=0, sop=1, eop=1 (#2)
TRACE        190: pipeline-dispatch: cid=1, wid=0, tmask=1000, PC=0x80000008, wb=1, rd=x6, rs0=x6, ex=ALU, pid=0, sop=1, eop=1 (#17179869186)
TRACE        192: alu-unit: op=ARITH, cid=0, wid=0, tmask=1000, PC=0x80000008, wb=1, rd=x6, rs0=x6, ex=ALU, pid=0, sop=1, eop=1 (#2)
TRACE        193: alu-unit: op=ARITH, cid=1, wid=0, tmask=1000, PC=0x80000008, wb=1, rd=x6, rs0=x6, ex=ALU, pid=0, sop=1, eop=1 (#17179869186)
TRACE        197: pipeline-commit: cid=0, wid=0, tmask=1000, PC=0x80000008, wb=1, rd=x6, rs0=x6, ex=ALU, pid=0, sop=1, eop=1 (#2)
TRACE        197: pipeline-scoreboard: cid=0, wid=0, tmask=1000, PC=0x8000000c, wb=0, rs0=x5, rs1=x6, ex=SFU (#3)
TRACE        198: pipeline-commit: cid=1, wid=0, tmask=1000, PC=0x80000008, wb=1, rd=x6, rs0=x6, ex=ALU, pid=0, sop=1, eop=1 (#17179869186)
TRACE        198: pipeline-scoreboard: cid=1, wid=0, tmask=1000, PC=0x8000000c, wb=0, rs0=x5, rs1=x6, ex=SFU (#17179869187)
TRACE        199: pipeline-operands: cid=0, wid=0, tmask=1000, PC=0x8000000c, wb=0, rs0=x5, rs1=x6, ex=SFU (#3)
TRACE        200: pipeline-operands: cid=1, wid=0, tmask=1000, PC=0x8000000c, wb=0, rs0=x5, rs1=x6, ex=SFU (#17179869187)
TRACE        203: pipeline-dispatch: cid=0, wid=0, tmask=1000, PC=0x8000000c, wb=0, rs0=x5, rs1=x6, ex=SFU, pid=0, sop=1, eop=1 (#3)
TRACE        204: pipeline-dispatch: cid=1, wid=0, tmask=1000, PC=0x8000000c, wb=0, rs0=x5, rs1=x6, ex=SFU, pid=0, sop=1, eop=1 (#17179869187)
TRACE        206: sfu-unit: op=WSPAWN, cid=0, wid=0, tmask=1000, PC=0x8000000c, wb=0, rs0=x5, rs1=x6, ex=SFU, pid=0, sop=1, eop=1 (#3)
DEBUG *** Activate 3 warps at PC: 80000160
DEBUG Fetch: cid=0, wid=0, tmask=1000, PC=0x80000010 (#4)
DEBUG Instr 0xfff00293: ADDI x5, x0, 0xffffffff
DEBUG Src0 Reg: x0={0x0, -, -, -}
DEBUG Dest Reg: x5={0xffffffff, -, -, -}
TRACE        206: pipeline-schedule: cid=0, wid=0, tmask=1000, PC=0x80000010, wb=1, rd=x5, rs0=x0, ex=ALU (#4)
TRACE        207: icache-req: addr=0x80000010, tag=0x0, cid=0, wid=0, tmask=1000, PC=0x80000010, wb=1, rd=x5, rs0=x0, ex=ALU (#4)
DEBUG Fetch: cid=0, wid=1, tmask=1000, PC=0x80000160 (#4294967296)
DEBUG Instr 0xfff00293: ADDI x5, x0, 0xffffffff
DEBUG Src0 Reg: x0={0x0, -, -, -}
DEBUG Dest Reg: x5={0xffffffff, -, -, -}
TRACE        207: pipeline-schedule: cid=0, wid=1, tmask=1000, PC=0x80000160, wb=1, rd=x5, rs0=x0, ex=ALU (#4294967296)
TRACE        207: sfu-unit: op=WSPAWN, cid=1, wid=0, tmask=1000, PC=0x8000000c, wb=0, rs0=x5, rs1=x6, ex=SFU, pid=0, sop=1, eop=1 (#17179869187)
DEBUG *** Activate 3 warps at PC: 80000160
DEBUG Fetch: cid=1, wid=0, tmask=1000, PC=0x80000010 (#17179869188)
DEBUG Instr 0xfff00293: ADDI x5, x0, 0xffffffff
DEBUG Src0 Reg: x0={0x0, -, -, -}
DEBUG Dest Reg: x5={0xffffffff, -, -, -}
TRACE        207: pipeline-schedule: cid=1, wid=0, tmask=1000, PC=0x80000010, wb=1, rd=x5, rs0=x0, ex=ALU (#17179869188)
TRACE        208: icache-req: addr=0x80000160, tag=0x1, cid=0, wid=1, tmask=1000, PC=0x80000160, wb=1, rd=x5, rs0=x0, ex=ALU (#4294967296)
DEBUG Fetch: cid=0, wid=2, tmask=1000, PC=0x80000160 (#8589934592)
DEBUG Instr 0xfff00293: ADDI x5, x0, 0xffffffff
DEBUG Src0 Reg: x0={0x0, -, -, -}
DEBUG Dest Reg: x5={0xffffffff, -, -, -}
TRACE        208: pipeline-schedule: cid=0, wid=2, tmask=1000, PC=0x80000160, wb=1, rd=x5, rs0=x0, ex=ALU (#8589934592)
TRACE        208: icache-req: addr=0x80000010, tag=0x0, cid=1, wid=0, tmask=1000, PC=0x80000010, wb=1, rd=x5, rs0=x0, ex=ALU (#17179869188)
DEBUG Fetch: cid=1, wid=1, tmask=1000, PC=0x80000160 (#21474836480)
DEBUG Instr 0xfff00293: ADDI x5, x0, 0xffffffff
DEBUG Src0 Reg: x0={0x0, -, -, -}
DEBUG Dest Reg: x5={0xffffffff, -, -, -}
TRACE        208: pipeline-schedule: cid=1, wid=1, tmask=1000, PC=0x80000160, wb=1, rd=x5, rs0=x0, ex=ALU (#21474836480)
TRACE        209: icache-req: addr=0x80000160, tag=0x2, cid=0, wid=2, tmask=1000, PC=0x80000160, wb=1, rd=x5, rs0=x0, ex=ALU (#8589934592)
DEBUG Fetch: cid=0, wid=3, tmask=1000, PC=0x80000160 (#12884901888)
DEBUG Instr 0xfff00293: ADDI x5, x0, 0xffffffff
DEBUG Src0 Reg: x0={0x0, -, -, -}
DEBUG Dest Reg: x5={0xffffffff, -, -, -}
TRACE        209: pipeline-schedule: cid=0, wid=3, tmask=1000, PC=0x80000160, wb=1, rd=x5, rs0=x0, ex=ALU (#12884901888)
TRACE        209: icache-req: addr=0x80000160, tag=0x1, cid=1, wid=1, tmask=1000, PC=0x80000160, wb=1, rd=x5, rs0=x0, ex=ALU (#21474836480)
DEBUG Fetch: cid=1, wid=2, tmask=1000, PC=0x80000160 (#25769803776)
DEBUG Instr 0xfff00293: ADDI x5, x0, 0xffffffff
DEBUG Src0 Reg: x0={0x0, -, -, -}
DEBUG Dest Reg: x5={0xffffffff, -, -, -}
TRACE        209: pipeline-schedule: cid=1, wid=2, tmask=1000, PC=0x80000160, wb=1, rd=x5, rs0=x0, ex=ALU (#25769803776)
TRACE        210: socket0-icaches-cache0-bank0 core-rsp: tag=0x0, cid=0 (#4)
TRACE        210: icache-req: addr=0x80000160, tag=0x3, cid=0, wid=3, tmask=1000, PC=0x80000160, wb=1, rd=x5, rs0=x0, ex=ALU (#12884901888)
TRACE        210: icache-req: addr=0x80000160, tag=0x2, cid=1, wid=2, tmask=1000, PC=0x80000160, wb=1, rd=x5, rs0=x0, ex=ALU (#25769803776)
DEBUG Fetch: cid=1, wid=3, tmask=1000, PC=0x80000160 (#30064771072)
DEBUG Instr 0xfff00293: ADDI x5, x0, 0xffffffff
DEBUG Src0 Reg: x0={0x0, -, -, -}
DEBUG Dest Reg: x5={0xffffffff, -, -, -}
TRACE        210: pipeline-schedule: cid=1, wid=3, tmask=1000, PC=0x80000160, wb=1, rd=x5, rs0=x0, ex=ALU (#30064771072)
TRACE        211: socket0-icaches-cache0-bank0 core-rsp: tag=0x1, cid=1 (#17179869188)
TRACE        211: pipeline-commit: cid=0, wid=0, tmask=1000, PC=0x8000000c, wb=0, rs0=x5, rs1=x6, ex=SFU, pid=0, sop=1, eop=1 (#3)
TRACE        211: icache-req: addr=0x80000160, tag=0x3, cid=1, wid=3, tmask=1000, PC=0x80000160, wb=1, rd=x5, rs0=x0, ex=ALU (#30064771072)
TRACE        212: socket0-icaches-cache0-bank1 fill: rw=0, addr=0x80000140, type=Global, tag=0x0, cid=0 (#4294967296)
TRACE        212: pipeline-commit: cid=1, wid=0, tmask=1000, PC=0x8000000c, wb=0, rs0=x5, rs1=x6, ex=SFU, pid=0, sop=1, eop=1 (#17179869187)
TRACE        213: icache-rsp: addr=0x80000010, tag=0x0, cid=0, wid=0, tmask=1000, PC=0x80000010, wb=1, rd=x5, rs0=x0, ex=ALU (#4)
TRACE        214: pipeline-decode: cid=0, wid=0, tmask=1000, PC=0x80000010, wb=1, rd=x5, rs0=x0, ex=ALU (#4)
DEBUG Fetch: cid=0, wid=0, tmask=1000, PC=0x80000014 (#5)
DEBUG Instr 0x2800b: TMC x5
DEBUG Src0 Reg: x5={0xffffffff, -, -, -}
DEBUG *** New Tmask=1111
TRACE        214: pipeline-schedule: cid=0, wid=0, tmask=1000, PC=0x80000014, wb=0, rs0=x5, ex=SFU (#5)
TRACE        214: icache-rsp: addr=0x80000010, tag=0x0, cid=1, wid=0, tmask=1000, PC=0x80000010, wb=1, rd=x5, rs0=x0, ex=ALU (#17179869188)
TRACE        215: pipeline-scoreboard: cid=0, wid=0, tmask=1000, PC=0x80000010, wb=1, rd=x5, rs0=x0, ex=ALU (#4)
TRACE        215: icache-req: addr=0x80000014, tag=0x0, cid=0, wid=0, tmask=1000, PC=0x80000014, wb=0, rs0=x5, ex=SFU (#5)
TRACE        215: pipeline-decode: cid=1, wid=0, tmask=1000, PC=0x80000010, wb=1, rd=x5, rs0=x0, ex=ALU (#17179869188)
DEBUG Fetch: cid=1, wid=0, tmask=1000, PC=0x80000014 (#17179869189)
DEBUG Instr 0x2800b: TMC x5
DEBUG Src0 Reg: x5={0xffffffff, -, -, -}
DEBUG *** New Tmask=1111
TRACE        215: pipeline-schedule: cid=1, wid=0, tmask=1000, PC=0x80000014, wb=0, rs0=x5, ex=SFU (#17179869189)
TRACE        216: dram mem-req: rw=0, addr=0x80000140, type=Global, tag=0x4, cid=0 (#4294967296) bank: 0
TRACE        216: pipeline-scoreboard: cid=1, wid=0, tmask=1000, PC=0x80000010, wb=1, rd=x5, rs0=x0, ex=ALU (#17179869188)
TRACE        216: icache-req: addr=0x80000014, tag=0x0, cid=1, wid=0, tmask=1000, PC=0x80000014, wb=0, rs0=x5, ex=SFU (#17179869189)
TRACE        217: pipeline-operands: cid=0, wid=0, tmask=1000, PC=0x80000010, wb=1, rd=x5, rs0=x0, ex=ALU (#4)
TRACE        218: pipeline-operands: cid=1, wid=0, tmask=1000, PC=0x80000010, wb=1, rd=x5, rs0=x0, ex=ALU (#17179869188)
TRACE        221: pipeline-dispatch: cid=0, wid=0, tmask=1000, PC=0x80000010, wb=1, rd=x5, rs0=x0, ex=ALU, pid=0, sop=1, eop=1 (#4)
TRACE        222: pipeline-dispatch: cid=1, wid=0, tmask=1000, PC=0x80000010, wb=1, rd=x5, rs0=x0, ex=ALU, pid=0, sop=1, eop=1 (#17179869188)
TRACE        224: alu-unit: op=ARITH, cid=0, wid=0, tmask=1000, PC=0x80000010, wb=1, rd=x5, rs0=x0, ex=ALU, pid=0, sop=1, eop=1 (#4)
TRACE        225: alu-unit: op=ARITH, cid=1, wid=0, tmask=1000, PC=0x80000010, wb=1, rd=x5, rs0=x0, ex=ALU, pid=0, sop=1, eop=1 (#17179869188)
TRACE        229: pipeline-commit: cid=0, wid=0, tmask=1000, PC=0x80000010, wb=1, rd=x5, rs0=x0, ex=ALU, pid=0, sop=1, eop=1 (#4)
TRACE        230: pipeline-commit: cid=1, wid=0, tmask=1000, PC=0x80000010, wb=1, rd=x5, rs0=x0, ex=ALU, pid=0, sop=1, eop=1 (#17179869188)
TRACE        235: dram mem-rsp: tag=0x4, cid=0 (#4294967296) bank: 0
TRACE        239: socket0-icaches-cache0-bank1 fill-rsp: tag=0x0, cid=0 (#4294967296)
TRACE        240: socket0-icaches-cache0-bank1 replay: tag=0x2, cid=0 (#4294967296)
TRACE        241: socket0-icaches-cache0-bank1 replay: tag=0x3, cid=1 (#21474836480)
TRACE        242: socket0-icaches-cache0-bank1 replay: tag=0x4, cid=0 (#8589934592)
TRACE        243: socket0-icaches-cache0-bank1 replay: tag=0x5, cid=1 (#25769803776)
TRACE        243: icache-rsp: addr=0x80000160, tag=0x1, cid=0, wid=1, tmask=1000, PC=0x80000160, wb=1, rd=x5, rs0=x0, ex=ALU (#4294967296)
TRACE        244: socket0-icaches-cache0-bank1 core-rsp: tag=0x6, cid=0 (#12884901888)
TRACE        244: pipeline-decode: cid=0, wid=1, tmask=1000, PC=0x80000160, wb=1, rd=x5, rs0=x0, ex=ALU (#4294967296)
DEBUG Fetch: cid=0, wid=1, tmask=1000, PC=0x80000164 (#4294967297)
DEBUG Instr 0x2800b: TMC x5
DEBUG Src0 Reg: x5={0xffffffff, -, -, -}
DEBUG *** New Tmask=1111
TRACE        244: pipeline-schedule: cid=0, wid=1, tmask=1000, PC=0x80000164, wb=0, rs0=x5, ex=SFU (#4294967297)
TRACE        244: icache-rsp: addr=0x80000160, tag=0x1, cid=1, wid=1, tmask=1000, PC=0x80000160, wb=1, rd=x5, rs0=x0, ex=ALU (#21474836480)
TRACE        245: socket0-icaches-cache0-bank1 core-rsp: tag=0x7, cid=1 (#30064771072)
TRACE        245: pipeline-scoreboard: cid=0, wid=1, tmask=1000, PC=0x80000160, wb=1, rd=x5, rs0=x0, ex=ALU (#4294967296)
TRACE        245: icache-rsp: addr=0x80000160, tag=0x2, cid=0, wid=2, tmask=1000, PC=0x80000160, wb=1, rd=x5, rs0=x0, ex=ALU (#8589934592)
TRACE        245: icache-req: addr=0x80000164, tag=0x1, cid=0, wid=1, tmask=1000, PC=0x80000164, wb=0, rs0=x5, ex=SFU (#4294967297)
TRACE        245: pipeline-decode: cid=1, wid=1, tmask=1000, PC=0x80000160, wb=1, rd=x5, rs0=x0, ex=ALU (#21474836480)
DEBUG Fetch: cid=1, wid=1, tmask=1000, PC=0x80000164 (#21474836481)
DEBUG Instr 0x2800b: TMC x5
DEBUG Src0 Reg: x5={0xffffffff, -, -, -}
DEBUG *** New Tmask=1111
TRACE        245: pipeline-schedule: cid=1, wid=1, tmask=1000, PC=0x80000164, wb=0, rs0=x5, ex=SFU (#21474836481)
TRACE        246: socket0-icaches-cache0-bank0 core-rsp: tag=0x0, cid=0 (#5)
TRACE        246: pipeline-decode: cid=0, wid=2, tmask=1000, PC=0x80000160, wb=1, rd=x5, rs0=x0, ex=ALU (#8589934592)
DEBUG Fetch: cid=0, wid=2, tmask=1000, PC=0x80000164 (#8589934593)
DEBUG Instr 0x2800b: TMC x5
DEBUG Src0 Reg: x5={0xffffffff, -, -, -}
DEBUG *** New Tmask=1111
TRACE        246: pipeline-schedule: cid=0, wid=2, tmask=1000, PC=0x80000164, wb=0, rs0=x5, ex=SFU (#8589934593)
TRACE        246: pipeline-scoreboard: cid=1, wid=1, tmask=1000, PC=0x80000160, wb=1, rd=x5, rs0=x0, ex=ALU (#21474836480)
TRACE        246: icache-rsp: addr=0x80000160, tag=0x2, cid=1, wid=2, tmask=1000, PC=0x80000160, wb=1, rd=x5, rs0=x0, ex=ALU (#25769803776)
TRACE        246: icache-req: addr=0x80000164, tag=0x1, cid=1, wid=1, tmask=1000, PC=0x80000164, wb=0, rs0=x5, ex=SFU (#21474836481)
TRACE        247: socket0-icaches-cache0-bank0 core-rsp: tag=0x1, cid=1 (#17179869189)
TRACE        247: pipeline-operands: cid=0, wid=1, tmask=1000, PC=0x80000160, wb=1, rd=x5, rs0=x0, ex=ALU (#4294967296)
TRACE        247: pipeline-scoreboard: cid=0, wid=2, tmask=1000, PC=0x80000160, wb=1, rd=x5, rs0=x0, ex=ALU (#8589934592)
TRACE        247: icache-rsp: addr=0x80000160, tag=0x3, cid=0, wid=3, tmask=1000, PC=0x80000160, wb=1, rd=x5, rs0=x0, ex=ALU (#12884901888)
TRACE        247: icache-req: addr=0x80000164, tag=0x2, cid=0, wid=2, tmask=1000, PC=0x80000164, wb=0, rs0=x5, ex=SFU (#8589934593)
TRACE        247: pipeline-decode: cid=1, wid=2, tmask=1000, PC=0x80000160, wb=1, rd=x5, rs0=x0, ex=ALU (#25769803776)
DEBUG Fetch: cid=1, wid=2, tmask=1000, PC=0x80000164 (#25769803777)
DEBUG Instr 0x2800b: TMC x5
DEBUG Src0 Reg: x5={0xffffffff, -, -, -}
DEBUG *** New Tmask=1111
TRACE        247: pipeline-schedule: cid=1, wid=2, tmask=1000, PC=0x80000164, wb=0, rs0=x5, ex=SFU (#25769803777)
TRACE        248: socket0-icaches-cache0-bank1 core-rsp: tag=0x2, cid=0 (#4294967297)
TRACE        248: pipeline-decode: cid=0, wid=3, tmask=1000, PC=0x80000160, wb=1, rd=x5, rs0=x0, ex=ALU (#12884901888)
DEBUG Fetch: cid=0, wid=3, tmask=1000, PC=0x80000164 (#12884901889)
DEBUG Instr 0x2800b: TMC x5
DEBUG Src0 Reg: x5={0xffffffff, -, -, -}
DEBUG *** New Tmask=1111
TRACE        248: pipeline-schedule: cid=0, wid=3, tmask=1000, PC=0x80000164, wb=0, rs0=x5, ex=SFU (#12884901889)
TRACE        248: pipeline-operands: cid=1, wid=1, tmask=1000, PC=0x80000160, wb=1, rd=x5, rs0=x0, ex=ALU (#21474836480)
TRACE        248: pipeline-scoreboard: cid=1, wid=2, tmask=1000, PC=0x80000160, wb=1, rd=x5, rs0=x0, ex=ALU (#25769803776)
TRACE        248: icache-rsp: addr=0x80000160, tag=0x3, cid=1, wid=3, tmask=1000, PC=0x80000160, wb=1, rd=x5, rs0=x0, ex=ALU (#30064771072)
TRACE        248: icache-req: addr=0x80000164, tag=0x2, cid=1, wid=2, tmask=1000, PC=0x80000164, wb=0, rs0=x5, ex=SFU (#25769803777)
TRACE        249: socket0-icaches-cache0-bank1 core-rsp: tag=0x3, cid=1 (#21474836481)
TRACE        249: pipeline-operands: cid=0, wid=2, tmask=1000, PC=0x80000160, wb=1, rd=x5, rs0=x0, ex=ALU (#8589934592)
TRACE        249: pipeline-scoreboard: cid=0, wid=3, tmask=1000, PC=0x80000160, wb=1, rd=x5, rs0=x0, ex=ALU (#12884901888)
TRACE        249: icache-rsp: addr=0x80000014, tag=0x0, cid=0, wid=0, tmask=1000, PC=0x80000014, wb=0, rs0=x5, ex=SFU (#5)
TRACE        249: icache-req: addr=0x80000164, tag=0x0, cid=0, wid=3, tmask=1000, PC=0x80000164, wb=0, rs0=x5, ex=SFU (#12884901889)
TRACE        249: pipeline-decode: cid=1, wid=3, tmask=1000, PC=0x80000160, wb=1, rd=x5, rs0=x0, ex=ALU (#30064771072)
DEBUG Fetch: cid=1, wid=3, tmask=1000, PC=0x80000164 (#30064771073)
DEBUG Instr 0x2800b: TMC x5
DEBUG Src0 Reg: x5={0xffffffff, -, -, -}
DEBUG *** New Tmask=1111
TRACE        249: pipeline-schedule: cid=1, wid=3, tmask=1000, PC=0x80000164, wb=0, rs0=x5, ex=SFU (#30064771073)
TRACE        250: socket0-icaches-cache0-bank1 core-rsp: tag=0x4, cid=0 (#8589934593)
TRACE        250: pipeline-decode: cid=0, wid=0, tmask=1000, PC=0x80000014, wb=0, rs0=x5, ex=SFU (#5)
TRACE        250: pipeline-operands: cid=1, wid=2, tmask=1000, PC=0x80000160, wb=1, rd=x5, rs0=x0, ex=ALU (#25769803776)
TRACE        250: pipeline-scoreboard: cid=1, wid=3, tmask=1000, PC=0x80000160, wb=1, rd=x5, rs0=x0, ex=ALU (#30064771072)
TRACE        250: icache-rsp: addr=0x80000014, tag=0x0, cid=1, wid=0, tmask=1000, PC=0x80000014, wb=0, rs0=x5, ex=SFU (#17179869189)
TRACE        250: icache-req: addr=0x80000164, tag=0x0, cid=1, wid=3, tmask=1000, PC=0x80000164, wb=0, rs0=x5, ex=SFU (#30064771073)
TRACE        251: socket0-icaches-cache0-bank1 core-rsp: tag=0x5, cid=1 (#25769803777)
TRACE        251: pipeline-operands: cid=0, wid=3, tmask=1000, PC=0x80000160, wb=1, rd=x5, rs0=x0, ex=ALU (#12884901888)
TRACE        251: pipeline-dispatch: cid=0, wid=1, tmask=1000, PC=0x80000160, wb=1, rd=x5, rs0=x0, ex=ALU, pid=0, sop=1, eop=1 (#4294967296)
TRACE        251: pipeline-scoreboard: cid=0, wid=0, tmask=1000, PC=0x80000014, wb=0, rs0=x5, ex=SFU (#5)
TRACE        251: icache-rsp: addr=0x80000164, tag=0x1, cid=0, wid=1, tmask=1000, PC=0x80000164, wb=0, rs0=x5, ex=SFU (#4294967297)
TRACE        251: pipeline-decode: cid=1, wid=0, tmask=1000, PC=0x80000014, wb=0, rs0=x5, ex=SFU (#17179869189)
TRACE        252: socket0-icaches-cache0-bank1 core-rsp: tag=0x0, cid=0 (#12884901889)
TRACE        252: pipeline-decode: cid=0, wid=1, tmask=1000, PC=0x80000164, wb=0, rs0=x5, ex=SFU (#4294967297)
TRACE        252: pipeline-operands: cid=1, wid=3, tmask=1000, PC=0x80000160, wb=1, rd=x5, rs0=x0, ex=ALU (#30064771072)
TRACE        252: pipeline-dispatch: cid=1, wid=1, tmask=1000, PC=0x80000160, wb=1, rd=x5, rs0=x0, ex=ALU, pid=0, sop=1, eop=1 (#21474836480)
TRACE        252: pipeline-scoreboard: cid=1, wid=0, tmask=1000, PC=0x80000014, wb=0, rs0=x5, ex=SFU (#17179869189)
TRACE        252: icache-rsp: addr=0x80000164, tag=0x1, cid=1, wid=1, tmask=1000, PC=0x80000164, wb=0, rs0=x5, ex=SFU (#21474836481)
TRACE        253: socket0-icaches-cache0-bank1 core-rsp: tag=0x1, cid=1 (#30064771073)
TRACE        253: pipeline-operands: cid=0, wid=0, tmask=1000, PC=0x80000014, wb=0, rs0=x5, ex=SFU (#5)
TRACE        253: pipeline-dispatch: cid=0, wid=2, tmask=1000, PC=0x80000160, wb=1, rd=x5, rs0=x0, ex=ALU, pid=0, sop=1, eop=1 (#8589934592)
TRACE        253: icache-rsp: addr=0x80000164, tag=0x2, cid=0, wid=2, tmask=1000, PC=0x80000164, wb=0, rs0=x5, ex=SFU (#8589934593)
TRACE        253: pipeline-decode: cid=1, wid=1, tmask=1000, PC=0x80000164, wb=0, rs0=x5, ex=SFU (#21474836481)
TRACE        254: alu-unit: op=ARITH, cid=0, wid=1, tmask=1000, PC=0x80000160, wb=1, rd=x5, rs0=x0, ex=ALU, pid=0, sop=1, eop=1 (#4294967296)
TRACE        254: pipeline-decode: cid=0, wid=2, tmask=1000, PC=0x80000164, wb=0, rs0=x5, ex=SFU (#8589934593)
TRACE        254: pipeline-operands: cid=1, wid=0, tmask=1000, PC=0x80000014, wb=0, rs0=x5, ex=SFU (#17179869189)
TRACE        254: pipeline-dispatch: cid=1, wid=2, tmask=1000, PC=0x80000160, wb=1, rd=x5, rs0=x0, ex=ALU, pid=0, sop=1, eop=1 (#25769803776)
TRACE        254: icache-rsp: addr=0x80000164, tag=0x2, cid=1, wid=2, tmask=1000, PC=0x80000164, wb=0, rs0=x5, ex=SFU (#25769803777)
TRACE        255: pipeline-dispatch: cid=0, wid=3, tmask=1000, PC=0x80000160, wb=1, rd=x5, rs0=x0, ex=ALU, pid=0, sop=1, eop=1 (#12884901888)
TRACE        255: icache-rsp: addr=0x80000164, tag=0x0, cid=0, wid=3, tmask=1000, PC=0x80000164, wb=0, rs0=x5, ex=SFU (#12884901889)
TRACE        255: alu-unit: op=ARITH, cid=1, wid=1, tmask=1000, PC=0x80000160, wb=1, rd=x5, rs0=x0, ex=ALU, pid=0, sop=1, eop=1 (#21474836480)
TRACE        255: pipeline-decode: cid=1, wid=2, tmask=1000, PC=0x80000164, wb=0, rs0=x5, ex=SFU (#25769803777)
TRACE        256: alu-unit: op=ARITH, cid=0, wid=2, tmask=1000, PC=0x80000160, wb=1, rd=x5, rs0=x0, ex=ALU, pid=0, sop=1, eop=1 (#8589934592)
TRACE        256: pipeline-decode: cid=0, wid=3, tmask=1000, PC=0x80000164, wb=0, rs0=x5, ex=SFU (#12884901889)
TRACE        256: pipeline-dispatch: cid=1, wid=3, tmask=1000, PC=0x80000160, wb=1, rd=x5, rs0=x0, ex=ALU, pid=0, sop=1, eop=1 (#30064771072)
TRACE        256: icache-rsp: addr=0x80000164, tag=0x0, cid=1, wid=3, tmask=1000, PC=0x80000164, wb=0, rs0=x5, ex=SFU (#30064771073)
TRACE        257: pipeline-dispatch: cid=0, wid=0, tmask=1000, PC=0x80000014, wb=0, rs0=x5, ex=SFU, pid=0, sop=1, eop=1 (#5)
TRACE        257: alu-unit: op=ARITH, cid=1, wid=2, tmask=1000, PC=0x80000160, wb=1, rd=x5, rs0=x0, ex=ALU, pid=0, sop=1, eop=1 (#25769803776)
TRACE        257: pipeline-decode: cid=1, wid=3, tmask=1000, PC=0x80000164, wb=0, rs0=x5, ex=SFU (#30064771073)
TRACE        258: alu-unit: op=ARITH, cid=0, wid=3, tmask=1000, PC=0x80000160, wb=1, rd=x5, rs0=x0, ex=ALU, pid=0, sop=1, eop=1 (#12884901888)
TRACE        258: pipeline-dispatch: cid=1, wid=0, tmask=1000, PC=0x80000014, wb=0, rs0=x5, ex=SFU, pid=0, sop=1, eop=1 (#17179869189)
TRACE        259: pipeline-commit: cid=0, wid=1, tmask=1000, PC=0x80000160, wb=1, rd=x5, rs0=x0, ex=ALU, pid=0, sop=1, eop=1 (#4294967296)
TRACE        259: pipeline-scoreboard: cid=0, wid=1, tmask=1000, PC=0x80000164, wb=0, rs0=x5, ex=SFU (#4294967297)
TRACE        259: alu-unit: op=ARITH, cid=1, wid=3, tmask=1000, PC=0x80000160, wb=1, rd=x5, rs0=x0, ex=ALU, pid=0, sop=1, eop=1 (#30064771072)
TRACE        260: sfu-unit: op=TMC, cid=0, wid=0, tmask=1000, PC=0x80000014, wb=0, rs0=x5, ex=SFU, pid=0, sop=1, eop=1 (#5)
DEBUG Fetch: cid=0, wid=0, tmask=1111, PC=0x80000018 (#6)
DEBUG Instr 0x118000ef: JAL x1, 0x118
DEBUG Dest Reg: x1={0x8000001c, 0x8000001c, 0x8000001c, 0x8000001c}
DEBUG *** Next PC=0x80000130
TRACE        260: pipeline-schedule: cid=0, wid=0, tmask=1111, PC=0x80000018, wb=1, rd=x1, ex=ALU (#6)
TRACE        260: pipeline-commit: cid=1, wid=1, tmask=1000, PC=0x80000160, wb=1, rd=x5, rs0=x0, ex=ALU, pid=0, sop=1, eop=1 (#21474836480)
TRACE        260: pipeline-scoreboard: cid=1, wid=1, tmask=1000, PC=0x80000164, wb=0, rs0=x5, ex=SFU (#21474836481)
TRACE        261: pipeline-operands: cid=0, wid=1, tmask=1000, PC=0x80000164, wb=0, rs0=x5, ex=SFU (#4294967297)
TRACE        261: pipeline-commit: cid=0, wid=2, tmask=1000, PC=0x80000160, wb=1, rd=x5, rs0=x0, ex=ALU, pid=0, sop=1, eop=1 (#8589934592)
TRACE        261: pipeline-scoreboard: cid=0, wid=2, tmask=1000, PC=0x80000164, wb=0, rs0=x5, ex=SFU (#8589934593)
TRACE        261: icache-req: addr=0x80000018, tag=0x0, cid=0, wid=0, tmask=1111, PC=0x80000018, wb=1, rd=x1, ex=ALU (#6)
TRACE        261: sfu-unit: op=TMC, cid=1, wid=0, tmask=1000, PC=0x80000014, wb=0, rs0=x5, ex=SFU, pid=0, sop=1, eop=1 (#17179869189)
DEBUG Fetch: cid=1, wid=0, tmask=1111, PC=0x80000018 (#17179869190)
DEBUG Instr 0x118000ef: JAL x1, 0x118
DEBUG Dest Reg: x1={0x8000001c, download destination buffer
[VXDRV] COPY_FROM_DEV: hbuffer=0x562a072134d0, host_addr=0x562a0714e8c0, src_offset=0, size=8192
verify result
*** error: [0] expected=0.000000(0x0), actual=-0.001327(0xbaadf00d), ulp=1163005939
*** error: [1] expected=0.000000(0x0), actual=-0.001327(0xbaadf00d), ulp=1163005939
*** error: [2] expected=0.000000(0x0), actual=-0.001327(0xbaadf00d), ulp=1163005939
*** error: [3] expected=0.000000(0x0), actual=-0.001327(0xbaadf00d), ulp=1163005939
*** error: [4] expected=0.000000(0x0), actual=-0.001327(0xbaadf00d), ulp=1163005939
*** error: [5] expected=0.000000(0x0), actual=-0.001327(0xbaadf00d), ulp=1163005939
*** error: [6] expected=0.000000(0x0), actual=-0.001327(0xbaadf00d), ulp=1163005939
*** error: [7] expected=0.000000(0x0), actual=-0.001327(0xbaadf00d), ulp=1163005939
*** error: [8] expected=0.000000(0x0), actual=-0.001327(0xbaadf00d), ulp=1163005939
*** error: [9] expected=0.000000(0x0), actual=-0.001327(0xbaadf00d), ulp=1163005939
*** error: [10] expected=0.000000(0x0), actual=-0.001327(0xbaadf00d), ulp=1163005939
*** error: [11] expected=0.000000(0x0), actual=-0.001327(0xbaadf00d), ulp=1163005939
*** error: [12] expected=0.000000(0x0), actual=-0.001327(0xbaadf00d), ulp=1163005939
*** error: [13] expected=0.000000(0x0), actual=-0.001327(0xbaadf00d), ulp=1163005939
*** error: [14] expected=0.000000(0x0), actual=-0.001327(0xbaadf00d), ulp=1163005939
*** error: [15] expected=0.000000(0x0), actual=-0.001327(0xbaadf00d), ulp=1163005939
*** error: [16] expected=0.000000(0x0), actual=-0.001327(0xbaadf00d), ulp=1163005939
*** error: [17] expected=0.000000(0x0), actual=-0.001327(0xbaadf00d), ulp=1163005939
*** error: [18] expected=0.000000(0x0), actual=-0.001327(0xbaadf00d), ulp=1163005939
*** error: [19] expected=0.000000(0x0), actual=-0.001327(0xbaadf00d), ulp=1163005939
*** error: [20] expected=0.000000(0x0), actual=-0.001327(0xbaadf00d), ulp=1163005939
*** error: [21] expected=0.000000(0x0), actual=-0.001327(0xbaadf00d), ulp=1163005939
*** error: [22] expected=0.000000(0x0), actual=-0.001327(0xbaadf00d), ulp=1163005939
*** error: [23] expected=0.000000(0x0), actual=-0.001327(0xbaadf00d), ulp=1163005939
*** error: [24] expected=0.000000(0x0), actual=-0.001327(0xbaadf00d), ulp=1163005939
*** error: [25] expected=0.000000(0x0), actual=-0.001327(0xbaadf00d), ulp=1163005939
*** error: [26] expected=0.000000(0x0), actual=-0.001327(0xbaadf00d), ulp=1163005939
*** error: [27] expected=0.000000(0x0), actual=-0.001327(0xbaadf00d), ulp=1163005939
*** error: [28] expected=0.000000(0x0), actual=-0.001327(0xbaadf00d), ulp=1163005939
*** error: [29] expected=0.000000(0x0), actual=-0.001327(0xbaadf00d), ulp=1163005939
*** error: [30] expected=0.000000(0x0), actual=-0.001327(0xbaadf00d), ulp=1163005939
*** error: [31] expected=0.000000(0x0), actual=-0.001327(0xbaadf00d), ulp=1163005939
*** error: [32] expected=0.000000(0x0), actual=-0.001327(0xbaadf00d), ulp=1163005939
*** error: [33] expected=0.000000(0x0), actual=-0.001327(0xbaadf00d), ulp=1163005939
*** error: [34] expected=0.000000(0x0), actual=-0.001327(0xbaadf00d), ulp=1163005939
*** error: [35] expected=0.000000(0x0), actual=-0.001327(0xbaadf00d), ulp=1163005939
*** error: [36] expected=0.000000(0x0), actual=-0.001327(0xbaadf00d), ulp=1163005939
*** error: [37] expected=0.000000(0x0), actual=-0.001327(0xbaadf00d), ulp=1163005939
*** error: [38] expected=0.000000(0x0), actual=-0.001327(0xbaadf00d), ulp=1163005939
*** error: [39] expected=0.000000(0x0), actual=-0.001327(0xbaadf00d), ulp=1163005939
*** error: [40] expected=0.000000(0x0), actual=-0.001327(0xbaadf00d), ulp=1163005939
*** error: [41] expected=0.000000(0x0), actual=-0.001327(0xbaadf00d), ulp=1163005939
*** error: [42] expected=0.000000(0x0), actual=-0.001327(0xbaadf00d), ulp=1163005939
*** error: [43] expected=0.000000(0x0), actual=-0.001327(0xbaadf00d), ulp=1163005939
*** error: [44] expected=0.000000(0x0), actual=-0.001327(0xbaadf00d), ulp=1163005939
*** error: [45] expected=0.000000(0x0), actual=-0.001327(0xbaadf00d), ulp=1163005939
*** error: [46] expected=0.000000(0x0), actual=-0.001327(0xbaadf00d), ulp=1163005939
*** error: [47] expected=0.000000(0x0), actual=-0.001327(0xbaadf00d), ulp=1163005939
*** error: [48] expected=0.000000(0x0), actual=-0.001327(0xbaadf00d), ulp=1163005939
*** error: [49] expected=0.000000(0x0), actual=-0.001327(0xbaadf00d), ulp=1163005939
*** error: [50] expected=0.000000(0x0), actual=-0.001327(0xbaadf00d), ulp=1163005939
*** error: [51] expected=0.000000(0x0), actual=-0.001327(0xbaadf00d), ulp=1163005939
*** error: [52] expected=0.000000(0x0), actual=-0.001327(0xbaadf00d), ulp=1163005939
*** error: [53] expected=0.000000(0x0), actual=-0.001327(0xbaadf00d), ulp=1163005939
*** error: [54] expected=0.000000(0x0), actual=-0.001327(0xbaadf00d), ulp=1163005939
*** error: [55] expected=0.000000(0x0), actual=-0.001327(0xbaadf00d), ulp=1163005939
*** error: [56] expected=0.000000(0x0), actual=-0.001327(0xbaadf00d), ulp=1163005939
*** error: [57] expected=0.000000(0x0), actual=-0.001327(0xbaadf00d), ulp=1163005939
*** error: [58] expected=0.000000(0x0), actual=-0.001327(0xbaadf00d), ulp=1163005939
*** error: [59] expected=0.000000(0x0), actual=-0.001327(0xbaadf00d), ulp=1163005939
*** error: [60] expected=0.000000(0x0), actual=-0.001327(0xbaadf00d), ulp=1163005939
*** error: [61] expected=0.000000(0x0), actual=-0.001327(0xbaadf00d), ulp=1163005939
*** error: [62] expected=0.000000(0x0), actual=-0.001327(0xbaadf00d), ulp=1163005939
*** error: [63] expected=0.000000(0x0), actual=-0.001327(0xbaadf00d), ulp=1163005939
*** error: [64] expected=0.000000(0x0), actual=-0.001327(0xbaadf00d), ulp=1163005939
*** error: [65] expected=0.000000(0x0), actual=-0.001327(0xbaadf00d), ulp=1163005939
*** error: [66] expected=0.000000(0x0), actual=-0.001327(0xbaadf00d), ulp=1163005939
*** error: [67] expected=0.000000(0x0), actual=-0.001327(0xbaadf00d), ulp=1163005939
*** error: [68] expected=0.000000(0x0), actual=-0.001327(0xbaadf00d), ulp=1163005939
*** error: [69] expected=0.000000(0x0), actual=-0.001327(0xbaadf00d), ulp=1163005939
*** error: [70] expected=0.000000(0x0), actual=-0.001327(0xbaadf00d), ulp=1163005939
*** error: [71] expected=0.000000(0x0), actual=-0.001327(0xbaadf00d), ulp=1163005939
*** error: [72] expected=0.000000(0x0), actual=-0.001327(0xbaadf00d), ulp=1163005939
*** error: [73] expected=0.000000(0x0), actual=-0.001327(0xbaadf00d), ulp=1163005939
*** error: [74] expected=0.000000(0x0), actual=-0.001327(0xbaadf00d), ulp=1163005939
*** error: [75] expected=0.000000(0x0), actual=-0.001327(0xbaadf00d), ulp=1163005939
*** error: [76] expected=0.000000(0x0), actual=-0.001327(0xbaadf00d), ulp=1163005939
*** error: [77] expected=0.000000(0x0), actual=-0.001327(0xbaadf00d), ulp=1163005939
*** error: [78] expected=0.000000(0x0), actual=-0.001327(0xbaadf00d), ulp=1163005939
*** error: [79] expected=0.000000(0x0), actual=-0.001327(0xbaadf00d), ulp=1163005939
*** error: [80] expected=0.000000(0x0), actual=-0.001327(0xbaadf00d), ulp=1163005939
*** error: [81] expected=0.000000(0x0), actual=-0.001327(0xbaadf00d), ulp=1163005939
*** error: [82] expected=0.000000(0x0), actual=-0.001327(0xbaadf00d), ulp=1163005939
*** error: [83] expected=0.000000(0x0), actual=-0.001327(0xbaadf00d), ulp=1163005939
*** error: [84] expected=0.000000(0x0), actual=-0.001327(0xbaadf00d), ulp=1163005939
*** error: [85] expected=0.000000(0x0), actual=-0.001327(0xbaadf00d), ulp=1163005939
*** error: [86] expected=0.000000(0x0), actual=-0.001327(0xbaadf00d), ulp=1163005939
*** error: [87] expected=0.000000(0x0), actual=-0.001327(0xbaadf00d), ulp=1163005939
*** error: [88] expected=0.000000(0x0), actual=-0.001327(0xbaadf00d), ulp=1163005939
*** error: [89] expected=0.000000(0x0), actual=-0.001327(0xbaadf00d), ulp=1163005939
*** error: [90] expected=0.000000(0x0), actual=-0.001327(0xbaadf00d), ulp=1163005939
*** error: [91] expected=0.000000(0x0), actual=-0.001327(0xbaadf00d), ulp=1163005939
*** error: [92] expected=0.000000(0x0), actual=-0.001327(0xbaadf00d), ulp=1163005939
*** error: [93] expected=0.000000(0x0), actual=-0.001327(0xbaadf00d), ulp=1163005939
*** error: [94] expected=0.000000(0x0), actual=-0.001327(0xbaadf00d), ulp=1163005939
*** error: [95] expected=0.000000(0x0), actual=-0.001327(0xbaadf00d), ulp=1163005939
*** error: [96] expected=0.000000(0x0), actual=-0.001327(0xbaadf00d), ulp=1163005939
*** error: [97] expected=0.000000(0x0), actual=-0.001327(0xbaadf00d), ulp=1163005939
*** error: [98] expected=0.000000(0x0), actual=-0.001327(0xbaadf00d), ulp=1163005939
*** error: [99] expected=0.000000(0x0), actual=-0.001327(0xbaadf00d), ulp=1163005939
cleanup
[VXDRV] MEM_FREE: hbuffer=0x562a07213490
[VXDRV] MEM_FREE: hbuffer=0x562a072134b0
[VXDRV] MEM_FREE: hbuffer=0x562a072134d0
[VXDRV] MEM_FREE: hbuffer=0x562a0715de50
[VXDRV] MEM_FREE: hbuffer=0x562a07154c30
[VXDRV] DEV_CAPS: hdevice=0x562a06db8ab0, caps_id=3, value=2
[VXDRV] DEV_CAPS: hdevice=0x562a06db8ab0, caps_id=7, value=220126515488
[VXDRV] DEV_CAPS: hdevice=0x562a06db8ab0, caps_id=8, value=8
[VXDRV] MPM_QUERY: hdevice=0x562a06db8ab0, addr=0xb00, core_id=0, value=0xbaadf00dbaadf00d
[VXDRV] MPM_QUERY: hdevice=0x562a06db8ab0, addr=0xb02, core_id=0, value=0xbaadf00dbaadf00d
[VXDRV] MPM_QUERY: hdevice=0x562a06db8ab0, addr=0xb03, core_id=0, value=0xbaadf00dbaadf00d
PERF: core0: scheduler idle=-4995072469926809587 (100%)
[VXDRV] MPM_QUERY: hdevice=0x562a06db8ab0, addr=0xb04, core_id=0, value=0xbaadf00dbaadf00d
PERF: core0: scheduler stalls=-4995072469926809587 (100%)
[VXDRV] MPM_QUERY: hdevice=0x562a06db8ab0, addr=0xb05, core_id=0, value=0xbaadf00dbaadf00d
PERF: core0: ibuffer stalls=-4995072469926809587 (100%)
[VXDRV] MPM_QUERY: hdevice=0x562a06db8ab0, addr=0xb06, core_id=0, value=0xbaadf00dbaadf00d
[VXDRV] MPM_QUERY: hdevice=0x562a06db8ab0, addr=0xb08, core_id=0, value=0xbaadf00dbaadf00d
[VXDRV] MPM_QUERY: hdevice=0x562a06db8ab0, addr=0xb09, core_id=0, value=0xbaadf00dbaadf00d
[VXDRV] MPM_QUERY: hdevice=0x562a06db8ab0, addr=0xb0a, core_id=0, value=0xbaadf00dbaadf00d
[VXDRV] MPM_QUERY: hdevice=0x562a06db8ab0, addr=0xb0c, core_id=0, value=0xbaadf00dbaadf00d
[VXDRV] MPM_QUERY: hdevice=0x562a06db8ab0, addr=0xb0d, core_id=0, value=0xbaadf00dbaadf00d
PERF: core0: scoreboard stalls=-4995072469926809587 (100%) (alu=112%, fpu=112%, lsu=112%, csrs=112%, wctl=112%)
[VXDRV] MPM_QUERY: hdevice=0x562a06db8ab0, addr=0xb07, core_id=0, value=0xbaadf00dbaadf00d
PERF: core0: operands stalls=-4995072469926809587 (100%)
[VXDRV] MPM_QUERY: hdevice=0x562a06db8ab0, addr=0xb0e, core_id=0, value=0xbaadf00dbaadf00d
PERF: core0: ifetches=-4995072469926809587
[VXDRV] MPM_QUERY: hdevice=0x562a06db8ab0, addr=0xb11, core_id=0, value=0xbaadf00dbaadf00d
PERF: core0: ifetch latency=1 cycles
[VXDRV] MPM_QUERY: hdevice=0x562a06db8ab0, addr=0xb0f, core_id=0, value=0xbaadf00dbaadf00d
PERF: core0: loads=-4995072469926809587
[VXDRV] MPM_QUERY: hdevice=0x562a06db8ab0, addr=0xb12, core_id=0, value=0xbaadf00dbaadf00d
PERF: core0: load latency=1 cycles
[VXDRV] MPM_QUERY: hdevice=0x562a06db8ab0, addr=0xb10, core_id=0, value=0xbaadf00dbaadf00d
PERF: core0: stores=-4995072469926809587
PERF: core0: instrs=-4995072469926809587, cycles=-4995072469926809587, IPC=1.000000
[VXDRV] MPM_QUERY: hdevice=0x562a06db8ab0, addr=0xb00, core_id=1, value=0xbaadf00dbaadf00d
[VXDRV] MPM_QUERY: hdevice=0x562a06db8ab0, addr=0xb02, core_id=1, value=0xbaadf00dbaadf00d
[VXDRV] MPM_QUERY: hdevice=0x562a06db8ab0, addr=0xb03, core_id=1, value=0xbaadf00dbaadf00d
PERF: core1: scheduler idle=-4995072469926809587 (100%)
[VXDRV] MPM_QUERY: hdevice=0x562a06db8ab0, addr=0xb04, core_id=1, value=0xbaadf00dbaadf00d
PERF: core1: scheduler stalls=-4995072469926809587 (100%)
[VXDRV] MPM_QUERY: hdevice=0x562a06db8ab0, addr=0xb05, core_id=1, value=0xbaadf00dbaadf00d
PERF: core1: ibuffer stalls=-4995072469926809587 (100%)
[VXDRV] MPM_QUERY: hdevice=0x562a06db8ab0, addr=0xb06, core_id=1, value=0xbaadf00dbaadf00d
[VXDRV] MPM_QUERY: hdevice=0x562a06db8ab0, addr=0xb08, core_id=1, value=0xbaadf00dbaadf00d
[VXDRV] MPM_QUERY: hdevice=0x562a06db8ab0, addr=0xb09, core_id=1, value=0xbaadf00dbaadf00d
[VXDRV] MPM_QUERY: hdevice=0x562a06db8ab0, addr=0xb0a, core_id=1, value=0xbaadf00dbaadf00d
[VXDRV] MPM_QUERY: hdevice=0x562a06db8ab0, addr=0xb0c, core_id=1, value=0xbaadf00dbaadf00d
[VXDRV] MPM_QUERY: hdevice=0x562a06db8ab0, addr=0xb0d, core_id=1, value=0xbaadf00dbaadf00d
PERF: core1: scoreboard stalls=-4995072469926809587 (100%) (alu=112%, fpu=112%, lsu=112%, csrs=112%, wctl=112%)
[VXDRV] MPM_QUERY: hdevice=0x562a06db8ab0, addr=0xb07, core_id=1, value=0xbaadf00dbaadf00d
PERF: core1: operands stalls=-4995072469926809587 (100%)
[VXDRV] MPM_QUERY: hdevice=0x562a06db8ab0, addr=0xb0e, core_id=1, value=0xbaadf00dbaadf00d
PERF: core1: ifetches=-4995072469926809587
[VXDRV] MPM_QUERY: hdevice=0x562a06db8ab0, addr=0xb11, core_id=1, value=0xbaadf00dbaadf00d
PERF: core1: ifetch latency=1 cycles
[VXDRV] MPM_QUERY: hdevice=0x562a06db8ab0, addr=0xb0f, core_id=1, value=0xbaadf00dbaadf00d
PERF: core1: loads=-4995072469926809587
[VXDRV] MPM_QUERY: hdevice=0x562a06db8ab0, addr=0xb12, core_id=1, value=0xbaadf00dbaadf00d
PERF: core1: load latency=1 cycles
[VXDRV] MPM_QUERY: hdevice=0x562a06db8ab0, addr=0xb10, core_id=1, value=0xbaadf00dbaadf00d
PERF: core1: stores=-4995072469926809587
PERF: core1: instrs=-4995072469926809587, cycles=-4995072469926809587, IPC=1.000000
PERF: scheduler idle=8456599133855932442 (100%)
PERF: scheduler stalls=8456599133855932442 (100%)
PERF: ibuffer stalls=8456599133855932442 (100%)
PERF: scoreboard stalls=8456599133855932442 (100%) (alu=156%, fpu=156%, lsu=156%, csrs=156%, wctl=156%)
PERF: operands stalls=8456599133855932442 (100%)
PERF: ifetches=8456599133855932442
PERF: loads=8456599133855932442
PERF: stores=8456599133855932442
PERF: ifetch latency=1 cycles
PERF: load latency=1 cycles
PERF: instrs=8456599133855932442, cycles=-4995072469926809587, IPC=0.628665
[VXDRV] DEV_CLOSE: hdevice=0x562a06db8ab0
Found 2048 errors!
FAILED!
make: Leaving directory '/home/ecegridfs/a/socet39/socet/vortex-f24/tests/regression/demo'
